--- Copying files at Fri Dec 20 04:50:55 UTC 2024
--- Copied files finished at Fri Dec 20 04:50:55 UTC 2024
--- Copying files at Fri Dec 20 04:50:57 UTC 2024
--- Copied files finished at Fri Dec 20 04:50:57 UTC 2024
--- Copying files at Fri Dec 20 04:50:59 UTC 2024
--- Copied files finished at Fri Dec 20 04:50:59 UTC 2024
--- Copying files at Fri Dec 20 04:51:00 UTC 2024
--- Copied files finished at Fri Dec 20 04:51:00 UTC 2024
--- Copying files at Fri Dec 20 04:51:02 UTC 2024
--- Copied files finished at Fri Dec 20 04:51:02 UTC 2024
--- Copying files at Fri Dec 20 04:51:05 UTC 2024
--- Copied files finished at Fri Dec 20 04:51:05 UTC 2024
--- Copying files at Fri Dec 20 04:51:09 UTC 2024
--- Copied files finished at Fri Dec 20 04:51:09 UTC 2024
--- Copying files at Fri Dec 20 04:51:17 UTC 2024
--- Copied files finished at Fri Dec 20 04:51:17 UTC 2024
--- Copying files at Fri Dec 20 04:51:30 UTC 2024
--- Copied files finished at Fri Dec 20 04:51:30 UTC 2024
--- Copying files at Fri Dec 20 04:51:57 UTC 2024
--- Copied files finished at Fri Dec 20 04:51:57 UTC 2024
--- Copying files at Fri Dec 20 04:52:24 UTC 2024
--- Copied files finished at Fri Dec 20 04:52:24 UTC 2024
--- Copying files at Fri Dec 20 04:52:25 UTC 2024
--- Copied files finished at Fri Dec 20 04:52:25 UTC 2024
--- Copying files at Fri Dec 20 04:52:27 UTC 2024
--- Copied files finished at Fri Dec 20 04:52:27 UTC 2024
--- Copying files at Fri Dec 20 04:52:28 UTC 2024
--- Copied files finished at Fri Dec 20 04:52:28 UTC 2024
--- Copying files at Fri Dec 20 04:52:30 UTC 2024
--- Copied files finished at Fri Dec 20 04:52:30 UTC 2024
--- Copying files at Fri Dec 20 04:52:33 UTC 2024
--- Copied files finished at Fri Dec 20 04:52:33 UTC 2024
--- Copying files at Fri Dec 20 04:52:37 UTC 2024
--- Copied files finished at Fri Dec 20 04:52:37 UTC 2024
--- Copying files at Fri Dec 20 04:52:45 UTC 2024
--- Copied files finished at Fri Dec 20 04:52:45 UTC 2024
--- Copying files at Fri Dec 20 04:52:59 UTC 2024
--- Copied files finished at Fri Dec 20 04:52:59 UTC 2024
--- Copying files at Fri Dec 20 04:53:25 UTC 2024
--- Copied files finished at Fri Dec 20 04:53:25 UTC 2024
--- Copying files at Fri Dec 20 04:54:17 UTC 2024
--- Copied files finished at Fri Dec 20 04:54:17 UTC 2024
--- Copying files at Fri Dec 20 04:55:18 UTC 2024
--- Copied files finished at Fri Dec 20 04:55:18 UTC 2024
--- Copying files at Fri Dec 20 04:56:19 UTC 2024
--- Copied files finished at Fri Dec 20 04:56:19 UTC 2024
--- Copying files at Fri Dec 20 04:57:21 UTC 2024
--- Copied files finished at Fri Dec 20 04:57:21 UTC 2024
--- Copying files at Fri Dec 20 04:58:22 UTC 2024
--- Copied files finished at Fri Dec 20 04:58:22 UTC 2024
--- Copying files at Fri Dec 20 04:59:23 UTC 2024
--- Copied files finished at Fri Dec 20 04:59:23 UTC 2024
--- Copying files at Fri Dec 20 05:00:13 UTC 2024
--- Copied files finished at Fri Dec 20 05:00:13 UTC 2024
--- Copying files at Fri Dec 20 05:30:42 UTC 2024
--- Copied files finished at Fri Dec 20 05:30:42 UTC 2024
--- Copying files at Fri Dec 20 05:35:06 UTC 2024
--- Copied files finished at Fri Dec 20 05:35:06 UTC 2024
--- Copying files at Fri Dec 20 05:38:59 UTC 2024
--- Copied files finished at Fri Dec 20 05:38:59 UTC 2024
--- Copying files at Fri Dec 20 05:45:34 UTC 2024
--- Copied files finished at Fri Dec 20 05:45:34 UTC 2024
--- Copying files at Fri Dec 20 05:56:09 UTC 2024
--- Copied files finished at Fri Dec 20 05:56:09 UTC 2024
--- Copying files at Fri Dec 20 06:03:10 UTC 2024
--- Copied files finished at Fri Dec 20 06:03:10 UTC 2024
--- Copying files at Fri Dec 20 06:03:11 UTC 2024
--- Copied files finished at Fri Dec 20 06:03:11 UTC 2024
--- Copying files at Fri Dec 20 06:03:12 UTC 2024
--- Copied files finished at Fri Dec 20 06:03:12 UTC 2024
--- Copying files at Fri Dec 20 06:03:13 UTC 2024
--- Copied files finished at Fri Dec 20 06:03:13 UTC 2024
--- Copying files at Fri Dec 20 06:03:14 UTC 2024
--- Copied files finished at Fri Dec 20 06:03:14 UTC 2024
--- Copying files at Fri Dec 20 06:03:16 UTC 2024
--- Copied files finished at Fri Dec 20 06:03:16 UTC 2024
--- Copying files at Fri Dec 20 06:03:19 UTC 2024
--- Copied files finished at Fri Dec 20 06:03:19 UTC 2024
--- Copying files at Fri Dec 20 06:03:26 UTC 2024
--- Copied files finished at Fri Dec 20 06:03:26 UTC 2024
--- Copying files at Fri Dec 20 06:03:39 UTC 2024
--- Copied files finished at Fri Dec 20 06:03:39 UTC 2024
--- Copying files at Fri Dec 20 06:03:57 UTC 2024
--- Copied files finished at Fri Dec 20 06:03:57 UTC 2024
--- Copying files at Fri Dec 20 06:03:57 UTC 2024
--- Copied files finished at Fri Dec 20 06:03:57 UTC 2024
--- Copying files at Fri Dec 20 06:03:58 UTC 2024
--- Copied files finished at Fri Dec 20 06:03:58 UTC 2024
--- Copying files at Fri Dec 20 06:03:59 UTC 2024
--- Copied files finished at Fri Dec 20 06:03:59 UTC 2024
--- Copying files at Fri Dec 20 06:04:00 UTC 2024
--- Copied files finished at Fri Dec 20 06:04:00 UTC 2024
--- Copying files at Fri Dec 20 06:04:02 UTC 2024
--- Copied files finished at Fri Dec 20 06:04:02 UTC 2024
--- Copying files at Fri Dec 20 06:04:06 UTC 2024
--- Copied files finished at Fri Dec 20 06:04:06 UTC 2024
--- Copying files at Fri Dec 20 06:04:10 UTC 2024
--- Copied files finished at Fri Dec 20 06:04:10 UTC 2024
--- Copying files at Fri Dec 20 06:04:10 UTC 2024
--- Copied files finished at Fri Dec 20 06:04:10 UTC 2024
--- Copying files at Fri Dec 20 06:04:11 UTC 2024
--- Copied files finished at Fri Dec 20 06:04:11 UTC 2024
--- Copying files at Fri Dec 20 06:04:12 UTC 2024
--- Copied files finished at Fri Dec 20 06:04:12 UTC 2024
--- Copying files at Fri Dec 20 06:04:13 UTC 2024
--- Copied files finished at Fri Dec 20 06:04:13 UTC 2024
--- Copying files at Fri Dec 20 06:04:15 UTC 2024
--- Copied files finished at Fri Dec 20 06:04:16 UTC 2024
--- Copying files at Fri Dec 20 06:04:19 UTC 2024
--- Copied files finished at Fri Dec 20 06:04:19 UTC 2024
--- Copying files at Fri Dec 20 06:04:28 UTC 2024
--- Copied files finished at Fri Dec 20 06:04:28 UTC 2024
--- Copying files at Fri Dec 20 06:04:28 UTC 2024
--- Copied files finished at Fri Dec 20 06:04:28 UTC 2024
--- Copying files at Fri Dec 20 06:04:29 UTC 2024
--- Copied files finished at Fri Dec 20 06:04:29 UTC 2024
--- Copying files at Fri Dec 20 06:04:30 UTC 2024
--- Copied files finished at Fri Dec 20 06:04:30 UTC 2024
--- Copying files at Fri Dec 20 06:04:31 UTC 2024
--- Copied files finished at Fri Dec 20 06:04:31 UTC 2024
--- Copying files at Fri Dec 20 06:04:33 UTC 2024
--- Copied files finished at Fri Dec 20 06:04:33 UTC 2024
--- Copying files at Fri Dec 20 06:04:37 UTC 2024
--- Copied files finished at Fri Dec 20 06:04:37 UTC 2024
--- Copying files at Fri Dec 20 06:04:44 UTC 2024
--- Copied files finished at Fri Dec 20 06:04:44 UTC 2024
--- Copying files at Fri Dec 20 06:04:57 UTC 2024
--- Copied files finished at Fri Dec 20 06:04:57 UTC 2024
--- Copying files at Fri Dec 20 06:05:23 UTC 2024
--- Copied files finished at Fri Dec 20 06:05:23 UTC 2024
--- Copying files at Fri Dec 20 06:06:15 UTC 2024
--- Copied files finished at Fri Dec 20 06:06:15 UTC 2024
--- Copying files at Fri Dec 20 06:07:15 UTC 2024
--- Copied files finished at Fri Dec 20 06:07:15 UTC 2024
--- Copying files at Fri Dec 20 06:08:16 UTC 2024
--- Copied files finished at Fri Dec 20 06:08:16 UTC 2024
--- Copying files at Fri Dec 20 06:09:16 UTC 2024
--- Copied files finished at Fri Dec 20 06:09:16 UTC 2024
--- Copying files at Fri Dec 20 06:10:17 UTC 2024
--- Copied files finished at Fri Dec 20 06:10:17 UTC 2024
--- Copying files at Fri Dec 20 06:11:07 UTC 2024
--- Copied files finished at Fri Dec 20 06:11:07 UTC 2024
--- Copying files at Fri Dec 20 07:29:29 UTC 2024
--- Copied files finished at Fri Dec 20 07:29:29 UTC 2024
--- Copying files at Fri Dec 20 08:11:09 UTC 2024
--- Copied files finished at Fri Dec 20 08:11:09 UTC 2024
--- Copying files at Fri Dec 20 08:17:40 UTC 2024
--- Copied files finished at Fri Dec 20 08:17:40 UTC 2024
--- Copying files at Fri Dec 20 08:24:13 UTC 2024
--- Copied files finished at Fri Dec 20 08:24:14 UTC 2024
--- Copying files at Fri Dec 20 09:07:21 UTC 2024
--- Copied files finished at Fri Dec 20 09:07:22 UTC 2024
--- Copying files at Fri Dec 20 09:11:17 UTC 2024
--- Copied files finished at Fri Dec 20 09:11:18 UTC 2024
--- Copying files at Fri Dec 20 09:13:46 UTC 2024
--- Copied files finished at Fri Dec 20 09:13:47 UTC 2024
--- Copying files at Fri Dec 20 09:20:37 UTC 2024
--- Copied files finished at Fri Dec 20 09:20:38 UTC 2024
--- Copying files at Fri Dec 20 09:31:38 UTC 2024
--- Copied files finished at Fri Dec 20 09:31:39 UTC 2024
--- Copying files at Fri Dec 20 10:46:24 UTC 2024
INSTALLED plugins/blueocean-git-pipeline.jpi : 1.27.16
INSTALLED plugins/sse-gateway.jpi : 1.27
INSTALLED plugins/jjwt-api.jpi : 0.11.5-112.ve82dfb_224b_a_d
INSTALLED plugins/blueocean-rest-impl.jpi : 1.27.16
INSTALLED plugins/bootstrap5-api.jpi : 5.3.3-1
INSTALLED plugins/favorite.jpi : 2.221.v19ca_666b_62f5
INSTALLED plugins/blueocean-events.jpi : 1.27.16
INSTALLED plugins/jenkins-design-language.jpi : 1.27.16
INSTALLED plugins/blueocean-github-pipeline.jpi : 1.27.16
INSTALLED plugins/blueocean-commons.jpi : 1.27.16
INSTALLED plugins/blueocean.jpi : 1.27.16
INSTALLED plugins/blueocean-jwt.jpi : 1.27.16
INSTALLED plugins/jquery3-api.jpi : 3.7.1-2
INSTALLED plugins/pubsub-light.jpi : 1.18
INSTALLED plugins/font-awesome-api.jpi : 6.6.0-2
INSTALLED plugins/commons-text-api.jpi : 1.12.0-129.v99a_50df237f7
INSTALLED plugins/blueocean-bitbucket-pipeline.jpi : 1.27.16
INSTALLED plugins/blueocean-config.jpi : 1.27.16
INSTALLED plugins/pipeline-graph-analysis.jpi : 216.vfd8b_ece330ca_
INSTALLED plugins/blueocean-rest.jpi : 1.27.16
INSTALLED plugins/cloudbees-bitbucket-branch-source.jpi : 933.0.2
INSTALLED plugins/blueocean-web.jpi : 1.27.16
INSTALLED plugins/blueocean-dashboard.jpi : 1.27.16
INSTALLED plugins/blueocean-pipeline-api-impl.jpi : 1.27.16
INSTALLED plugins/blueocean-personalization.jpi : 1.27.16
INSTALLED plugins/blueocean-core-js.jpi : 1.27.16
INSTALLED plugins/junit.jpi : 1312.v1a_235a_b_94a_31
INSTALLED plugins/htmlpublisher.jpi : 1.37
INSTALLED plugins/matrix-project.jpi : 840.v812f627cb_578
INSTALLED plugins/blueocean-pipeline-editor.jpi : 1.27.16
INSTALLED plugins/handy-uri-templates-2-api.jpi : 2.1.8-30.v7e777411b_148
INSTALLED plugins/blueocean-pipeline-scm-api.jpi : 1.27.16
INSTALLED plugins/plugin-util-api.jpi : 5.1.0
INSTALLED plugins/blueocean-display-url.jpi : 2.4.3
INSTALLED plugins/blueocean-i18n.jpi : 1.27.16
INSTALLED plugins/checks-api.jpi : 2.2.1
INSTALLED plugins/echarts-api.jpi : 5.5.1-4
INSTALLED plugins/github-branch-source.jpi : 1807.v50351eb_7dd13
--- Copied files finished at Fri Dec 20 10:46:25 UTC 2024
--- Copying files at Fri Dec 20 11:16:41 UTC 2024
--- Copied files finished at Fri Dec 20 11:16:42 UTC 2024
--- Copying files at Fri Dec 20 11:23:02 UTC 2024
--- Copied files finished at Fri Dec 20 11:23:03 UTC 2024
--- Copying files at Fri Dec 20 11:32:46 UTC 2024
--- Copied files finished at Fri Dec 20 11:32:47 UTC 2024
--- Copying files at Fri Dec 20 11:48:02 UTC 2024
--- Copied files finished at Fri Dec 20 11:48:03 UTC 2024
--- Copying files at Fri Dec 20 11:55:27 UTC 2024
--- Copied files finished at Fri Dec 20 11:55:28 UTC 2024
--- Copying files at Fri Dec 20 11:59:44 UTC 2024
--- Copied files finished at Fri Dec 20 11:59:45 UTC 2024
--- Copying files at Fri Dec 20 12:17:31 UTC 2024
--- Copied files finished at Fri Dec 20 12:17:33 UTC 2024
